SafeExam/build/outputs/logs/manifest-merger-bmob-release-report.txt
-- Merging decision tree log ---
manifest
ADDED from src\main\AndroidManifest.xml:2:1-264:12
INJECTED from src\main\AndroidManifest.xml:2:1-264:12
INJECTED from src\main\AndroidManifest.xml:2:1-264:12
INJECTED from src\main\AndroidManifest.xml:2:1-264:12
MERGED from [com.android.databinding:adapters:3.1.1] AndroidManifest.xml:17:1-24:12
MERGED from [com.android.databinding:library:3.1.1] AndroidManifest.xml:17:1-24:12
MERGED from [cn.bingoogolapple:bga-photopicker:1.2.8] AndroidManifest.xml:2:1-50:12
MERGED from [cn.bingoogolapple:bga-baseadapter:1.2.9] AndroidManifest.xml:2:1-10:12
MERGED from [com.android.support:design:27.1.1] AndroidManifest.xml:17:1-22:12
MERGED from [com.android.support:appcompat-v7:27.1.1] AndroidManifest.xml:17:1-22:12
MERGED from [com.github.hotchemi:permissionsdispatcher:2.1.2] AndroidManifest.xml:2:1-11:12
MERGED from [com.android.support:support-v4:27.1.1] AndroidManifest.xml:17:1-22:12
MERGED from [com.github.CymChad:BaseRecyclerViewAdapterHelper:v1.7.4] AndroidManifest.xml:2:1-17:12
MERGED from [com.android.support:recyclerview-v7:27.1.1] AndroidManifest.xml:17:1-22:12
MERGED from [com.github.bumptech.glide:glide:4.5.0] AndroidManifest.xml:2:1-13:12
MERGED from [pub.devrel:easypermissions:1.0.1] AndroidManifest.xml:2:1-19:12
MERGED from [com.tbruyelle.rxpermissions2:rxpermissions:0.9.4] AndroidManifest.xml:2:1-13:12
MERGED from [io.reactivex.rxjava2:rxandroid:2.0.1] AndroidManifest.xml:15:1-21:12
MERGED from [:simplecropview-release:] AndroidManifest.xml:2:1-9:12
MERGED from [:welcome-release:] AndroidManifest.xml:2:1-12:12
MERGED from [:volley-release:] AndroidManifest.xml:2:1-11:12
MERGED from [:circleimageview-release:] AndroidManifest.xml:2:1-11:12
MERGED from [:circle-menu:] AndroidManifest.xml:2:1-17:12
MERGED from [:shimmer-android-release:] AndroidManifest.xml:2:1-11:12
MERGED from [:fancybuttons-release:] AndroidManifest.xml:2:1-13:12
MERGED from [:MaterialProgressBar:] AndroidManifest.xml:6:1-16:12
MERGED from [:agentweb:] AndroidManifest.xml:2:1-26:12
MERGED from [com.jakewharton:butterknife:8.5.1] AndroidManifest.xml:2:1-7:12
MERGED from [com.android.support:animated-vector-drawable:27.1.1] AndroidManifest.xml:17:1-22:12
MERGED from [com.android.support:support-vector-drawable:27.1.1] AndroidManifest.xml:17:1-22:12
MERGED from [com.android.support:cardview-v7:27.1.1] AndroidManifest.xml:17:1-22:12
MERGED from [com.orhanobut:logger:1.11] AndroidManifest.xml:2:1-12:12
MERGED from [com.android.support:support-fragment:27.1.1] AndroidManifest.xml:17:1-22:12
MERGED from [com.android.support:support-core-ui:27.1.1] AndroidManifest.xml:17:1-22:12
MERGED from [com.android.support:transition:27.1.1] AndroidManifest.xml:17:1-22:12
MERGED from [com.android.support:support-core-utils:27.1.1] AndroidManifest.xml:17:1-22:12
MERGED from [com.android.support:support-media-compat:27.1.1] AndroidManifest.xml:17:1-22:12
MERGED from [com.android.support:support-compat:27.1.1] AndroidManifest.xml:17:1-22:12
MERGED from [com.github.bumptech.glide:gifdecoder:4.5.0] AndroidManifest.xml:2:1-11:12
MERGED from [android.arch.lifecycle:runtime:1.1.0] AndroidManifest.xml:17:1-22:12
MERGED from [android.arch.lifecycle:livedata-core:1.1.0] AndroidManifest.xml:17:1-22:12
MERGED from [android.arch.core:runtime:1.1.0] AndroidManifest.xml:17:1-22:12
MERGED from [com.tencent.bugly:crashreport:2.6.6.1] AndroidManifest.xml:2:1-9:12
MERGED from [com.tencent.bugly:nativecrashreport:3.3.1] AndroidManifest.xml:2:1-9:12
MERGED from [com.android.support.constraint:constraint-layout:1.1.0] AndroidManifest.xml:2:1-11:12
MERGED from [com.squareup.leakcanary:leakcanary-android-no-op:1.5.4] AndroidManifest.xml:17:1-22:12
MERGED from [android.arch.lifecycle:viewmodel:1.1.0] AndroidManifest.xml:17:1-22:12
INJECTED from src\main\AndroidManifest.xml:2:1-264:12
INJECTED from src\main\AndroidManifest.xml:2:1-264:12
INJECTED from src\main\AndroidManifest.xml:2:1-264:12
	package
		ADDED from src\main\AndroidManifest.xml:3:11-41
		INJECTED from src\main\AndroidManifest.xml
		INJECTED from src\main\AndroidManifest.xml
	android:versionName
		INJECTED from src\main\AndroidManifest.xml
		ADDED from src\main\AndroidManifest.xml:2:1-264:12
		INJECTED from src\main\AndroidManifest.xml
	android:versionCode
		INJECTED from src\main\AndroidManifest.xml
		ADDED from src\main\AndroidManifest.xml:38:9-32
		INJECTED from src\main\AndroidManifest.xml
	xmlns:android
		ADDED from src\main\AndroidManifest.xml:2:11-69
uses-permission#android.permission.INTERNET
ADDED from src\main\AndroidManifest.xml:6:5-66
	android:name
		ADDED from src\main\AndroidManifest.xml:6:22-64
uses-permission#android.permission.ACCESS_WIFI_STATE
ADDED from src\main\AndroidManifest.xml:7:5-75
	android:name
		ADDED from src\main\AndroidManifest.xml:7:22-73
uses-permission#android.permission.ACCESS_NETWORK_STATE
ADDED from src\main\AndroidManifest.xml:8:5-78
	android:name
		ADDED from src\main\AndroidManifest.xml:8:22-76
uses-permission#android.permission.WAKE_LOCK
ADDED from src\main\AndroidManifest.xml:10:5-67
	android:name
		ADDED from src\main\AndroidManifest.xml:10:22-65
uses-permission#android.permission.READ_EXTERNAL_STORAGE
ADDED from src\main\AndroidManifest.xml:11:5-79
MERGED from [cn.bingoogolapple:bga-photopicker:1.2.8] AndroidManifest.xml:9:5-80
MERGED from [cn.bingoogolapple:bga-photopicker:1.2.8] AndroidManifest.xml:9:5-80
	android:name
		ADDED from src\main\AndroidManifest.xml:11:22-77
uses-permission#android.permission.WRITE_EXTERNAL_STORAGE
ADDED from src\main\AndroidManifest.xml:12:5-80
MERGED from [cn.bingoogolapple:bga-photopicker:1.2.8] AndroidManifest.xml:10:5-81
MERGED from [cn.bingoogolapple:bga-photopicker:1.2.8] AndroidManifest.xml:10:5-81
	android:name
		ADDED from src\main\AndroidManifest.xml:12:22-78
uses-permission#android.permission.CAMERA
ADDED from src\main\AndroidManifest.xml:15:5-64
MERGED from [cn.bingoogolapple:bga-photopicker:1.2.8] AndroidManifest.xml:11:5-65
MERGED from [cn.bingoogolapple:bga-photopicker:1.2.8] AndroidManifest.xml:11:5-65
	android:name
		ADDED from src\main\AndroidManifest.xml:15:22-62
uses-permission#android.permission.READ_PHONE_STATE
ADDED from src\main\AndroidManifest.xml:17:5-74
	android:name
		ADDED from src\main\AndroidManifest.xml:17:22-72
uses-permission#android.permission.KILL_BACKGROUND_PROCESSES
ADDED from src\main\AndroidManifest.xml:19:5-83
	android:name
		ADDED from src\main\AndroidManifest.xml:19:22-81
uses-permission#android.permission.ACCESS_DOWNLOAD_MANAGER
ADDED from src\main\AndroidManifest.xml:21:5-81
	android:name
		ADDED from src\main\AndroidManifest.xml:21:22-79
uses-permission#android.permission.DOWNLOAD_WITHOUT_NOTIFICATION
ADDED from src\main\AndroidManifest.xml:22:5-87
	android:name
		ADDED from src\main\AndroidManifest.xml:22:22-85
uses-permission#android.permission.SYSTEM_ALERT_WINDOW
ADDED from src\main\AndroidManifest.xml:23:5-77
	android:name
		ADDED from src\main\AndroidManifest.xml:23:22-75
uses-permission#android.permission.DISABLE_KEYGUARD
ADDED from src\main\AndroidManifest.xml:24:5-74
	android:name
		ADDED from src\main\AndroidManifest.xml:24:22-72
uses-permission#android.permission.ACCESS_COARSE_LOCATION
ADDED from src\main\AndroidManifest.xml:25:5-80
	android:name
		ADDED from src\main\AndroidManifest.xml:25:22-78
uses-permission#android.permission.ACCESS_FINE_LOCATION
ADDED from src\main\AndroidManifest.xml:26:5-78
	android:name
		ADDED from src\main\AndroidManifest.xml:26:22-76
uses-permission#android.permission.RECEIVE_USER_PRESENT
ADDED from src\main\AndroidManifest.xml:28:5-79
	android:name
		ADDED from src\main\AndroidManifest.xml:28:22-76
uses-permission#android.permission.RECEIVE_BOOT_COMPLETED
ADDED from src\main\AndroidManifest.xml:29:5-81
	android:name
		ADDED from src\main\AndroidManifest.xml:29:22-78
application
ADDED from src\main\AndroidManifest.xml:31:5-262:19
MERGED from [cn.bingoogolapple:bga-photopicker:1.2.8] AndroidManifest.xml:13:5-48:19
MERGED from [cn.bingoogolapple:bga-photopicker:1.2.8] AndroidManifest.xml:13:5-48:19
MERGED from [com.github.CymChad:BaseRecyclerViewAdapterHelper:v1.7.4] AndroidManifest.xml:11:5-15:19
MERGED from [com.github.CymChad:BaseRecyclerViewAdapterHelper:v1.7.4] AndroidManifest.xml:11:5-15:19
MERGED from [com.github.bumptech.glide:glide:4.5.0] AndroidManifest.xml:11:5-20
MERGED from [com.github.bumptech.glide:glide:4.5.0] AndroidManifest.xml:11:5-20
MERGED from [pub.devrel:easypermissions:1.0.1] AndroidManifest.xml:11:5-17:19
MERGED from [pub.devrel:easypermissions:1.0.1] AndroidManifest.xml:11:5-17:19
MERGED from [com.tbruyelle.rxpermissions2:rxpermissions:0.9.4] AndroidManifest.xml:11:5-20
MERGED from [com.tbruyelle.rxpermissions2:rxpermissions:0.9.4] AndroidManifest.xml:11:5-20
MERGED from [:volley-release:] AndroidManifest.xml:9:5-20
MERGED from [:volley-release:] AndroidManifest.xml:9:5-20
MERGED from [:circleimageview-release:] AndroidManifest.xml:9:5-20
MERGED from [:circleimageview-release:] AndroidManifest.xml:9:5-20
MERGED from [:circle-menu:] AndroidManifest.xml:11:5-15:19
MERGED from [:circle-menu:] AndroidManifest.xml:11:5-15:19
MERGED from [:fancybuttons-release:] AndroidManifest.xml:11:5-20
MERGED from [:fancybuttons-release:] AndroidManifest.xml:11:5-20
MERGED from [:agentweb:] AndroidManifest.xml:11:5-24:19
MERGED from [:agentweb:] AndroidManifest.xml:11:5-24:19
MERGED from [com.github.bumptech.glide:gifdecoder:4.5.0] AndroidManifest.xml:9:5-20
MERGED from [com.github.bumptech.glide:gifdecoder:4.5.0] AndroidManifest.xml:9:5-20
MERGED from [com.android.support.constraint:constraint-layout:1.1.0] AndroidManifest.xml:9:5-20
MERGED from [com.android.support.constraint:constraint-layout:1.1.0] AndroidManifest.xml:9:5-20
	android:supportsRtl
		ADDED from [com.github.CymChad:BaseRecyclerViewAdapterHelper:v1.7.4] AndroidManifest.xml:14:9-35
	android:label
		ADDED from src\main\AndroidManifest.xml:36:9-41
	android:launchMode
		ADDED from src\main\AndroidManifest.xml:35:9-40
	android:versionCode
		ADDED from src\main\AndroidManifest.xml:38:9-32
	android:largeHeap
		ADDED from src\main\AndroidManifest.xml:37:9-33
	android:icon
		ADDED from src\main\AndroidManifest.xml:34:9-43
	android:allowBackup
		ADDED from src\main\AndroidManifest.xml:33:9-35
	android:theme
		ADDED from src\main\AndroidManifest.xml:39:9-40
	android:name
		ADDED from src\main\AndroidManifest.xml:32:9-33
activity#com.murainy.safeexam.activitis.LauncherActivity
ADDED from src\main\AndroidManifest.xml:40:9-49:20
	android:launchMode
		ADDED from src\main\AndroidManifest.xml:43:13-44
	android:uiOptions
		ADDED from src\main\AndroidManifest.xml:44:13-57
	android:theme
		ADDED from src\main\AndroidManifest.xml:42:13-76
	android:name
		ADDED from src\main\AndroidManifest.xml:41:13-55
intent-filter#action:name:android.intent.action.MAIN+category:name:android.intent.category.LAUNCHER
ADDED from src\main\AndroidManifest.xml:45:13-48:29
action#android.intent.action.MAIN
ADDED from src\main\AndroidManifest.xml:46:17-68
	android:name
		ADDED from src\main\AndroidManifest.xml:46:25-66
category#android.intent.category.LAUNCHER
ADDED from src\main\AndroidManifest.xml:47:17-76
	android:name
		ADDED from src\main\AndroidManifest.xml:47:27-74
service#cn.bmob.push.lib.service.PushService
ADDED from src\main\AndroidManifest.xml:50:8-58:19
	android:process
		ADDED from src\main\AndroidManifest.xml:53:13-40
	android:label
		ADDED from src\main\AndroidManifest.xml:51:13-40
	android:exported
		ADDED from src\main\AndroidManifest.xml:54:13-37
	android:name
		ADDED from src\main\AndroidManifest.xml:52:13-64
intent-filter#action:name:cn.bmob.push.lib.service.PushService
ADDED from src\main\AndroidManifest.xml:55:13-57:29
action#cn.bmob.push.lib.service.PushService
ADDED from src\main\AndroidManifest.xml:56:17-78
	android:name
		ADDED from src\main\AndroidManifest.xml:56:25-76
service#cn.bmob.push.lib.service.PushNotifyService
ADDED from src\main\AndroidManifest.xml:61:9-64:19
	android:process
		ADDED from src\main\AndroidManifest.xml:63:13-40
	android:name
		ADDED from src\main\AndroidManifest.xml:62:13-70
receiver#cn.bmob.push.PushReceiver
ADDED from src\main\AndroidManifest.xml:66:9-73:20
	android:name
		ADDED from src\main\AndroidManifest.xml:66:19-59
intent-filter#action:name:android.intent.action.BOOT_COMPLETED+action:name:android.intent.action.USER_PRESENT+action:name:android.net.conn.CONNECTIVITY_CHANGE
ADDED from src\main\AndroidManifest.xml:67:13-72:29
action#android.intent.action.BOOT_COMPLETED
ADDED from src\main\AndroidManifest.xml:69:17-79
	android:name
		ADDED from src\main\AndroidManifest.xml:69:25-76
action#android.intent.action.USER_PRESENT
ADDED from src\main\AndroidManifest.xml:70:17-77
	android:name
		ADDED from src\main\AndroidManifest.xml:70:25-74
action#android.net.conn.CONNECTIVITY_CHANGE
ADDED from src\main\AndroidManifest.xml:71:17-79
	android:name
		ADDED from src\main\AndroidManifest.xml:71:25-76
receiver#com.murainy.safeexam.activitis.MyPushMessageReceiver
ADDED from src\main\AndroidManifest.xml:75:9-80:20
	android:exported
		ADDED from src\main\AndroidManifest.xml:76:19-43
	android:name
		ADDED from src\main\AndroidManifest.xml:75:19-66
intent-filter#action:name:cn.bmob.push.action.MESSAGE
ADDED from src\main\AndroidManifest.xml:77:13-79:29
action#cn.bmob.push.action.MESSAGE
ADDED from src\main\AndroidManifest.xml:78:17-69
	android:name
		ADDED from src\main\AndroidManifest.xml:78:25-67
provider#android.support.v4.content.FileProvider
ADDED from src\main\AndroidManifest.xml:82:9-91:20
	android:grantUriPermissions
		ADDED from src\main\AndroidManifest.xml:86:13-47
	android:authorities
		ADDED from src\main\AndroidManifest.xml:84:13-68
	android:exported
		ADDED from src\main\AndroidManifest.xml:85:13-37
	android:name
		ADDED from src\main\AndroidManifest.xml:83:13-67
meta-data#android.support.FILE_PROVIDER_PATHS
ADDED from src\main\AndroidManifest.xml:87:13-90:25
	android:resource
		ADDED from src\main\AndroidManifest.xml:89:17-50
	android:name
		ADDED from src\main\AndroidManifest.xml:88:17-67
activity#com.murainy.safeexam.activitis.SplashActivity
ADDED from src\main\AndroidManifest.xml:94:9-97:78
	android:launchMode
		ADDED from src\main\AndroidManifest.xml:96:13-43
	android:theme
		ADDED from src\main\AndroidManifest.xml:97:13-76
	android:name
		ADDED from src\main\AndroidManifest.xml:95:13-53
activity#com.murainy.safeexam.activitis.LoginActivity
ADDED from src\main\AndroidManifest.xml:98:9-102:20
	android:windowSoftInputMode
		ADDED from src\main\AndroidManifest.xml:101:13-82
	android:theme
		ADDED from src\main\AndroidManifest.xml:100:13-57
	android:name
		ADDED from src\main\AndroidManifest.xml:99:13-52
activity#com.murainy.safeexam.activitis.RegisterActivity
ADDED from src\main\AndroidManifest.xml:103:9-107:20
	android:launchMode
		ADDED from src\main\AndroidManifest.xml:105:13-43
	android:theme
		ADDED from src\main\AndroidManifest.xml:106:13-57
	android:name
		ADDED from src\main\AndroidManifest.xml:104:13-55
activity#com.murainy.safeexam.activitis.MainActivity
ADDED from src\main\AndroidManifest.xml:108:9-111:20
	android:theme
		ADDED from src\main\AndroidManifest.xml:110:13-57
	android:name
		ADDED from src\main\AndroidManifest.xml:109:13-51
activity#com.murainy.safeexam.activitis.InformationActivity
ADDED from src\main\AndroidManifest.xml:112:9-116:20
	android:launchMode
		ADDED from src\main\AndroidManifest.xml:114:13-43
	android:theme
		ADDED from src\main\AndroidManifest.xml:115:13-57
	android:name
		ADDED from src\main\AndroidManifest.xml:113:13-58
activity#com.murainy.safeexam.activitis.ChangerPasswordActivity
ADDED from src\main\AndroidManifest.xml:117:9-121:20
	android:launchMode
		ADDED from src\main\AndroidManifest.xml:119:13-43
	android:theme
		ADDED from src\main\AndroidManifest.xml:120:13-57
	android:name
		ADDED from src\main\AndroidManifest.xml:118:13-62
activity#com.murainy.safeexam.activitis.LookGradeActivity
ADDED from src\main\AndroidManifest.xml:122:9-126:20
	android:launchMode
		ADDED from src\main\AndroidManifest.xml:124:13-43
	android:theme
		ADDED from src\main\AndroidManifest.xml:125:13-57
	android:name
		ADDED from src\main\AndroidManifest.xml:123:13-56
activity#com.murainy.safeexam.activitis.StartTestActivity
ADDED from src\main\AndroidManifest.xml:127:9-132:20
	android:launchMode
		ADDED from src\main\AndroidManifest.xml:129:13-43
	android:allowBackup
		ADDED from src\main\AndroidManifest.xml:130:13-40
	android:theme
		ADDED from src\main\AndroidManifest.xml:131:13-57
	android:name
		ADDED from src\main\AndroidManifest.xml:128:13-56
activity#com.murainy.safeexam.activitis.AdminActivity
ADDED from src\main\AndroidManifest.xml:133:9-136:20
	android:theme
		ADDED from src\main\AndroidManifest.xml:135:13-57
	android:name
		ADDED from src\main\AndroidManifest.xml:134:13-52
activity#com.murainy.safeexam.activitis.AddPaperActivity
ADDED from src\main\AndroidManifest.xml:138:9-142:20
	android:launchMode
		ADDED from src\main\AndroidManifest.xml:140:13-43
	android:theme
		ADDED from src\main\AndroidManifest.xml:141:13-57
	android:name
		ADDED from src\main\AndroidManifest.xml:139:13-55
activity#com.murainy.safeexam.activitis.TabmanActivity
ADDED from src\main\AndroidManifest.xml:144:9-148:20
	android:launchMode
		ADDED from src\main\AndroidManifest.xml:146:13-43
	android:theme
		ADDED from src\main\AndroidManifest.xml:147:13-57
	android:name
		ADDED from src\main\AndroidManifest.xml:145:13-53
activity#com.murainy.safeexam.activitis.SetHeadActivity
ADDED from src\main\AndroidManifest.xml:150:9-159:20
	android:theme
		ADDED from src\main\AndroidManifest.xml:152:13-57
	android:name
		ADDED from src\main\AndroidManifest.xml:151:13-54
intent-filter#action:name:android.media.action.IMAGE_CAPTURE+category:name:android.intent.category.DEFAULT
ADDED from src\main\AndroidManifest.xml:154:13-158:29
action#android.media.action.IMAGE_CAPTURE
ADDED from src\main\AndroidManifest.xml:155:17-76
	android:name
		ADDED from src\main\AndroidManifest.xml:155:25-74
category#android.intent.category.DEFAULT
ADDED from src\main\AndroidManifest.xml:157:17-75
	android:name
		ADDED from src\main\AndroidManifest.xml:157:27-73
activity#com.murainy.safeexam.activitis.CircleActivity
ADDED from src\main\AndroidManifest.xml:160:9-163:45
	android:label
		ADDED from src\main\AndroidManifest.xml:162:13-58
	android:launchMode
		ADDED from src\main\AndroidManifest.xml:163:13-43
	android:name
		ADDED from src\main\AndroidManifest.xml:161:13-53
activity#com.murainy.safeexam.activitis.ResetPasswordActivity
ADDED from src\main\AndroidManifest.xml:164:9-167:59
	android:launchMode
		ADDED from src\main\AndroidManifest.xml:166:13-43
	android:theme
		ADDED from src\main\AndroidManifest.xml:167:13-57
	android:name
		ADDED from src\main\AndroidManifest.xml:165:13-60
activity#com.murainy.safeexam.activitis.UserBindPhoneActivity
ADDED from src\main\AndroidManifest.xml:168:9-171:59
	android:launchMode
		ADDED from src\main\AndroidManifest.xml:170:13-43
	android:theme
		ADDED from src\main\AndroidManifest.xml:171:13-57
	android:name
		ADDED from src\main\AndroidManifest.xml:169:13-60
activity#com.murainy.safeexam.activitis.GridActivity
ADDED from src\main\AndroidManifest.xml:174:9-176:20
	android:name
		ADDED from src\main\AndroidManifest.xml:174:19-57
activity#com.murainy.safeexam.activitis.ContentExamActivity
ADDED from src\main\AndroidManifest.xml:177:9-180:20
	android:theme
		ADDED from src\main\AndroidManifest.xml:179:13-57
	android:name
		ADDED from src\main\AndroidManifest.xml:178:13-58
activity#com.murainy.safeexam.activitis.AboutActivity
ADDED from src\main\AndroidManifest.xml:181:9-185:20
	android:theme
		ADDED from src\main\AndroidManifest.xml:183:13-57
	android:name
		ADDED from src\main\AndroidManifest.xml:182:13-52
activity#com.murainy.safeexam.activitis.SequenceActivity
ADDED from src\main\AndroidManifest.xml:186:9-189:20
	android:theme
		ADDED from src\main\AndroidManifest.xml:188:13-57
	android:name
		ADDED from src\main\AndroidManifest.xml:187:13-55
activity#com.murainy.safeexam.activitis.ExamActivity
ADDED from src\main\AndroidManifest.xml:190:9-193:20
	android:theme
		ADDED from src\main\AndroidManifest.xml:192:13-57
	android:name
		ADDED from src\main\AndroidManifest.xml:191:13-51
activity#com.murainy.safeexam.activitis.KnowledgeActivity
ADDED from src\main\AndroidManifest.xml:194:9-198:20
	android:launchMode
		ADDED from src\main\AndroidManifest.xml:196:13-43
	android:theme
		ADDED from src\main\AndroidManifest.xml:197:13-57
	android:name
		ADDED from src\main\AndroidManifest.xml:195:13-56
activity#com.murainy.safeexam.activitis.RubblerActivity
ADDED from src\main\AndroidManifest.xml:199:9-202:20
	android:theme
		ADDED from src\main\AndroidManifest.xml:201:13-57
	android:name
		ADDED from src\main\AndroidManifest.xml:200:13-54
activity#com.murainy.safeexam.activitis.LargeImageViewActivity
ADDED from src\main\AndroidManifest.xml:203:9-206:20
	android:theme
		ADDED from src\main\AndroidManifest.xml:205:13-57
	android:name
		ADDED from src\main\AndroidManifest.xml:204:13-61
activity#com.murainy.safeexam.activitis.MomentAddActivity
ADDED from src\main\AndroidManifest.xml:207:9-211:20
	android:screenOrientation
		ADDED from src\main\AndroidManifest.xml:209:13-49
	android:windowSoftInputMode
		ADDED from src\main\AndroidManifest.xml:210:13-67
	android:name
		ADDED from src\main\AndroidManifest.xml:208:13-56
activity#com.murainy.safeexam.activitis.PayActivity
ADDED from src\main\AndroidManifest.xml:212:9-215:20
	android:theme
		ADDED from src\main\AndroidManifest.xml:214:13-57
	android:name
		ADDED from src\main\AndroidManifest.xml:213:13-50
activity#com.murainy.safeexam.activitis.MomentListActivity
ADDED from src\main\AndroidManifest.xml:216:9-220:20
	android:screenOrientation
		ADDED from src\main\AndroidManifest.xml:218:13-49
	android:windowSoftInputMode
		ADDED from src\main\AndroidManifest.xml:219:13-67
	android:name
		ADDED from src\main\AndroidManifest.xml:217:13-57
activity#com.murainy.safeexam.activitis.SystemGalleryActivity
ADDED from src\main\AndroidManifest.xml:221:9-223:20
	android:screenOrientation
		ADDED from src\main\AndroidManifest.xml:222:19-55
	android:name
		ADDED from src\main\AndroidManifest.xml:221:19-66
activity#com.murainy.safeexam.activitis.SettingsActivity
ADDED from src\main\AndroidManifest.xml:224:9-228:20
	android:launchMode
		ADDED from src\main\AndroidManifest.xml:226:13-43
	android:theme
		ADDED from src\main\AndroidManifest.xml:227:13-57
	android:name
		ADDED from src\main\AndroidManifest.xml:225:13-55
activity#cn.bmob.v3.update.UpdateDialogActivity
ADDED from src\main\AndroidManifest.xml:229:9-232:20
	android:theme
		ADDED from src\main\AndroidManifest.xml:231:13-57
	android:name
		ADDED from src\main\AndroidManifest.xml:230:13-66
activity#cn.bmob.pay.v3.act.PayAct
ADDED from src\main\AndroidManifest.xml:233:9-62
	android:name
		ADDED from src\main\AndroidManifest.xml:233:19-59
activity#com.murainy.safeexam.activitis.RxActivity
ADDED from src\main\AndroidManifest.xml:235:9-239:20
	android:label
		ADDED from src\main\AndroidManifest.xml:238:13-45
	android:configChanges
		ADDED from src\main\AndroidManifest.xml:237:13-59
	android:name
		ADDED from src\main\AndroidManifest.xml:236:13-49
activity#com.murainy.safeexam.activitis.ResultActivity
ADDED from src\main\AndroidManifest.xml:240:9-241:20
	android:name
		ADDED from src\main\AndroidManifest.xml:240:19-59
meta-data#BUGLY_APPID
ADDED from src\main\AndroidManifest.xml:244:9-246:41
	android:value
		ADDED from src\main\AndroidManifest.xml:246:13-39
	android:name
		ADDED from src\main\AndroidManifest.xml:245:13-39
meta-data#BUGLY_APP_VERSION
ADDED from src\main\AndroidManifest.xml:248:9-250:34
	android:value
		ADDED from src\main\AndroidManifest.xml:250:13-32
	android:name
		ADDED from src\main\AndroidManifest.xml:249:13-45
meta-data#BUGLY_APP_CHANNEL
ADDED from src\main\AndroidManifest.xml:252:9-254:35
	android:value
		ADDED from src\main\AndroidManifest.xml:254:13-33
	android:name
		ADDED from src\main\AndroidManifest.xml:253:13-45
meta-data#BUGLY_ENABLE_DEBUG
ADDED from src\main\AndroidManifest.xml:256:9-258:38
	android:value
		ADDED from src\main\AndroidManifest.xml:258:13-36
	android:name
		ADDED from src\main\AndroidManifest.xml:257:13-46
meta-data#bmob
ADDED from src\main\AndroidManifest.xml:259:9-260:41
	android:value
		ADDED from src\main\AndroidManifest.xml:259:20-46
	android:name
		ADDED from src\main\AndroidManifest.xml:260:20-39
uses-sdk
INJECTED from src\main\AndroidManifest.xml reason: use-sdk injection requested
INJECTED from src\main\AndroidManifest.xml
INJECTED from src\main\AndroidManifest.xml
MERGED from [com.android.databinding:adapters:3.1.1] AndroidManifest.xml:22:5-44
MERGED from [com.android.databinding:adapters:3.1.1] AndroidManifest.xml:22:5-44
MERGED from [com.android.databinding:library:3.1.1] AndroidManifest.xml:22:5-44
MERGED from [com.android.databinding:library:3.1.1] AndroidManifest.xml:22:5-44
MERGED from [cn.bingoogolapple:bga-photopicker:1.2.8] AndroidManifest.xml:5:5-7:41
MERGED from [cn.bingoogolapple:bga-photopicker:1.2.8] AndroidManifest.xml:5:5-7:41
MERGED from [cn.bingoogolapple:bga-baseadapter:1.2.9] AndroidManifest.xml:6:5-8:41
MERGED from [cn.bingoogolapple:bga-baseadapter:1.2.9] AndroidManifest.xml:6:5-8:41
MERGED from [com.android.support:design:27.1.1] AndroidManifest.xml:20:5-44
MERGED from [com.android.support:design:27.1.1] AndroidManifest.xml:20:5-44
MERGED from [com.android.support:appcompat-v7:27.1.1] AndroidManifest.xml:20:5-44
MERGED from [com.android.support:appcompat-v7:27.1.1] AndroidManifest.xml:20:5-44
MERGED from [com.github.hotchemi:permissionsdispatcher:2.1.2] AndroidManifest.xml:6:5-9:55
MERGED from [com.github.hotchemi:permissionsdispatcher:2.1.2] AndroidManifest.xml:6:5-9:55
MERGED from [com.android.support:support-v4:27.1.1] AndroidManifest.xml:20:5-44
MERGED from [com.android.support:support-v4:27.1.1] AndroidManifest.xml:20:5-44
MERGED from [com.github.CymChad:BaseRecyclerViewAdapterHelper:v1.7.4] AndroidManifest.xml:7:5-9:41
MERGED from [com.github.CymChad:BaseRecyclerViewAdapterHelper:v1.7.4] AndroidManifest.xml:7:5-9:41
MERGED from [com.android.support:recyclerview-v7:27.1.1] AndroidManifest.xml:20:5-44
MERGED from [com.android.support:recyclerview-v7:27.1.1] AndroidManifest.xml:20:5-44
MERGED from [com.github.bumptech.glide:glide:4.5.0] AndroidManifest.xml:7:5-9:41
MERGED from [com.github.bumptech.glide:glide:4.5.0] AndroidManifest.xml:7:5-9:41
MERGED from [pub.devrel:easypermissions:1.0.1] AndroidManifest.xml:7:5-9:41
MERGED from [pub.devrel:easypermissions:1.0.1] AndroidManifest.xml:7:5-9:41
MERGED from [com.tbruyelle.rxpermissions2:rxpermissions:0.9.4] AndroidManifest.xml:7:5-9:41
MERGED from [com.tbruyelle.rxpermissions2:rxpermissions:0.9.4] AndroidManifest.xml:7:5-9:41
MERGED from [io.reactivex.rxjava2:rxandroid:2.0.1] AndroidManifest.xml:19:5-43
MERGED from [io.reactivex.rxjava2:rxandroid:2.0.1] AndroidManifest.xml:19:5-43
MERGED from [:simplecropview-release:] AndroidManifest.xml:5:5-7:41
MERGED from [:simplecropview-release:] AndroidManifest.xml:5:5-7:41
MERGED from [:welcome-release:] AndroidManifest.xml:8:5-10:41
MERGED from [:welcome-release:] AndroidManifest.xml:8:5-10:41
MERGED from [:volley-release:] AndroidManifest.xml:7:5-43
MERGED from [:volley-release:] AndroidManifest.xml:7:5-43
MERGED from [:circleimageview-release:] AndroidManifest.xml:5:5-7:41
MERGED from [:circleimageview-release:] AndroidManifest.xml:5:5-7:41
MERGED from [:circle-menu:] AndroidManifest.xml:7:5-9:41
MERGED from [:circle-menu:] AndroidManifest.xml:7:5-9:41
MERGED from [:shimmer-android-release:] AndroidManifest.xml:7:5-9:41
MERGED from [:shimmer-android-release:] AndroidManifest.xml:7:5-9:41
MERGED from [:fancybuttons-release:] AndroidManifest.xml:7:5-9:41
MERGED from [:fancybuttons-release:] AndroidManifest.xml:7:5-9:41
MERGED from [:MaterialProgressBar:] AndroidManifest.xml:12:5-14:41
MERGED from [:MaterialProgressBar:] AndroidManifest.xml:12:5-14:41
MERGED from [:agentweb:] AndroidManifest.xml:7:5-9:41
MERGED from [:agentweb:] AndroidManifest.xml:7:5-9:41
MERGED from [com.jakewharton:butterknife:8.5.1] AndroidManifest.xml:5:5-43
MERGED from [com.jakewharton:butterknife:8.5.1] AndroidManifest.xml:5:5-43
MERGED from [com.android.support:animated-vector-drawable:27.1.1] AndroidManifest.xml:20:5-44
MERGED from [com.android.support:animated-vector-drawable:27.1.1] AndroidManifest.xml:20:5-44
MERGED from [com.android.support:support-vector-drawable:27.1.1] AndroidManifest.xml:20:5-44
MERGED from [com.android.support:support-vector-drawable:27.1.1] AndroidManifest.xml:20:5-44
MERGED from [com.android.support:cardview-v7:27.1.1] AndroidManifest.xml:20:5-44
MERGED from [com.android.support:cardview-v7:27.1.1] AndroidManifest.xml:20:5-44
MERGED from [com.orhanobut:logger:1.11] AndroidManifest.xml:8:5-10:41
MERGED from [com.orhanobut:logger:1.11] AndroidManifest.xml:8:5-10:41
MERGED from [com.android.support:support-fragment:27.1.1] AndroidManifest.xml:20:5-44
MERGED from [com.android.support:support-fragment:27.1.1] AndroidManifest.xml:20:5-44
MERGED from [com.android.support:support-core-ui:27.1.1] AndroidManifest.xml:20:5-44
MERGED from [com.android.support:support-core-ui:27.1.1] AndroidManifest.xml:20:5-44
MERGED from [com.android.support:transition:27.1.1] AndroidManifest.xml:20:5-44
MERGED from [com.android.support:transition:27.1.1] AndroidManifest.xml:20:5-44
MERGED from [com.android.support:support-core-utils:27.1.1] AndroidManifest.xml:20:5-44
MERGED from [com.android.support:support-core-utils:27.1.1] AndroidManifest.xml:20:5-44
MERGED from [com.android.support:support-media-compat:27.1.1] AndroidManifest.xml:20:5-44
MERGED from [com.android.support:support-media-compat:27.1.1] AndroidManifest.xml:20:5-44
MERGED from [com.android.support:support-compat:27.1.1] AndroidManifest.xml:20:5-44
MERGED from [com.android.support:support-compat:27.1.1] AndroidManifest.xml:20:5-44